2025-11-28 18:49:00 | INFO | repo=course-sys-int-systems-exam | action=test | passed=true
2025-03-09 18:00:00 | WARN | repo=course-sys-int-systems-exam | action=edit | files=5
2025-01-21 11:57:00 | DEBUG | repo=course-sys-int-systems-exam | action=commit
2025-11-16 20:29:00 | DEBUG | repo=course-sys-int-systems-exam | action=pull
2025-01-25 08:10:00 | DEBUG | repo=course-sys-int-systems-exam | action=edit | files=3
2025-06-22 11:01:00 | WARN | repo=course-sys-int-systems-exam | action=edit | files=2
2025-08-14 08:49:00 | DEBUG | repo=course-sys-int-systems-exam | action=commit
2025-10-16 07:59:00 | WARN | repo=course-sys-int-systems-exam | action=edit | files=4
2025-07-03 09:32:00 | WARN | repo=course-sys-int-systems-exam | action=commit
2025-11-13 18:50:00 | INFO | repo=course-sys-int-systems-exam | action=commit
2025-04-07 15:32:00 | DEBUG | repo=course-sys-int-systems-exam | action=commit
2025-11-07 18:31:00 | DEBUG | repo=course-sys-int-systems-exam | action=commit
2025-04-08 08:43:00 | WARN | repo=course-sys-int-systems-exam | action=edit | files=2
2025-07-08 17:27:00 | DEBUG | repo=course-sys-int-systems-exam | action=commit
2025-01-27 10:59:00 | DEBUG | repo=course-sys-int-systems-exam | action=commit
2025-09-10 19:14:00 | INFO | repo=course-sys-int-systems-exam | action=commit
2025-04-25 18:24:00 | WARN | repo=course-sys-int-systems-exam | action=commit
2025-12-12 16:49:00 | DEBUG | repo=course-sys-int-systems-exam | action=commit
2025-05-13 07:00:00 | WARN | repo=course-sys-int-systems-exam | action=test | passed=true
2025-03-28 14:10:00 | DEBUG | repo=course-sys-int-systems-exam | action=commit
2025-02-04 20:58:00 | INFO | repo=course-sys-int-systems-exam | action=commit
